d:\services6\image\adaboostapi\adaboostapi\release\adaboostapi.pch
d:\services6\image\adaboostapi\adaboostapi\release\vc140.pdb
d:\services6\image\adaboostapi\adaboostapi\release\stdafx.obj
d:\services6\image\adaboostapi\adaboostapi\release\weakclassifier.obj
d:\services6\image\adaboostapi\adaboostapi\release\strongclassfier.obj
d:\services6\image\adaboostapi\adaboostapi\release\library.obj
d:\services6\image\adaboostapi\adaboostapi\release\image.obj
d:\services6\image\adaboostapi\adaboostapi\release\general.obj
d:\services6\image\adaboostapi\adaboostapi\release\feature.obj
d:\services6\image\adaboostapi\adaboostapi\release\bitmap.obj
d:\services6\image\adaboostapi\adaboostapi\release\adaboostapi.obj
d:\services6\image\adaboostapi\adaboostapi\release\adaboost.obj
d:\services6\image\adaboostapi\adaboostapi\release\lbpfeature.obj
d:\services6\image\adaboostapi\release\adaboostapi.exe
d:\services6\image\adaboostapi\release\adaboostapi.ipdb
d:\services6\image\adaboostapi\release\adaboostapi.iobj
d:\services6\image\adaboostapi\release\adaboostapi.pdb
d:\services6\image\adaboostapi\adaboostapi\release\adaboostapi.tlog\cl.command.1.tlog
d:\services6\image\adaboostapi\adaboostapi\release\adaboostapi.tlog\cl.read.1.tlog
d:\services6\image\adaboostapi\adaboostapi\release\adaboostapi.tlog\cl.write.1.tlog
d:\services6\image\adaboostapi\adaboostapi\release\adaboostapi.tlog\link.command.1.tlog
d:\services6\image\adaboostapi\adaboostapi\release\adaboostapi.tlog\link.read.1.tlog
d:\services6\image\adaboostapi\adaboostapi\release\adaboostapi.tlog\link.write.1.tlog
