d:\visual studio 2015\project\mndtlibrary\mndtlibrary\x64\debug\vc140.pdb
d:\visual studio 2015\project\mndtlibrary\mndtlibrary\x64\debug\point.obj
d:\visual studio 2015\project\mndtlibrary\mndtlibrary\x64\debug\pca.obj
d:\visual studio 2015\project\mndtlibrary\mndtlibrary\x64\debug\mndtlibrary.obj
d:\visual studio 2015\project\mndtlibrary\mndtlibrary\x64\debug\libraryimplement.obj
d:\visual studio 2015\project\mndtlibrary\mndtlibrary\x64\debug\hog.obj
d:\visual studio 2015\project\mndtlibrary\mndtlibrary\x64\debug\general.obj
d:\visual studio 2015\project\mndtlibrary\mndtlibrary\x64\debug\cnnfilter.obj
d:\visual studio 2015\project\mndtlibrary\mndtlibrary\x64\debug\cnn.obj
d:\visual studio 2015\project\mndtlibrary\mndtlibrary\x64\debug\.netframework,version=v4.0.assemblyattributes.obj
d:\visual studio 2015\project\mndtlibrary\mndtlibrary\x64\debug\.netframework,version=v4.0.assemblyattributes.asm
d:\visual studio 2015\project\mndtlibrary\x64\debug\mndtlibrary.dll
d:\visual studio 2015\project\mndtlibrary\x64\debug\mndtlibrary.pdb
d:\visual studio 2015\project\mndtlibrary\x64\debug\mndtlibrary.lib
d:\visual studio 2015\project\mndtlibrary\x64\debug\mndtlibrary.exp
d:\visual studio 2015\project\mndtlibrary\mndtlibrary\x64\debug\mndtlibrary.tlog\cl.command.1.tlog
d:\visual studio 2015\project\mndtlibrary\mndtlibrary\x64\debug\mndtlibrary.tlog\cl.read.1.tlog
d:\visual studio 2015\project\mndtlibrary\mndtlibrary\x64\debug\mndtlibrary.tlog\cl.write.1.tlog
d:\visual studio 2015\project\mndtlibrary\mndtlibrary\x64\debug\mndtlibrary.tlog\link.command.1.tlog
d:\visual studio 2015\project\mndtlibrary\mndtlibrary\x64\debug\mndtlibrary.tlog\link.read.1.tlog
d:\visual studio 2015\project\mndtlibrary\mndtlibrary\x64\debug\mndtlibrary.tlog\link.write.1.tlog
d:\visual studio 2015\project\mndtlibrary\mndtlibrary\x64\debug\mndtlibrary.tlog\metagen.read.1.tlog
d:\visual studio 2015\project\mndtlibrary\mndtlibrary\x64\debug\mndtlibrary.tlog\metagen.write.1.tlog
d:\visual studio 2015\project\mndtlibrary\mndtlibrary\x64\debug\mndtlibrary.tlog\mndtlibrary.write.1u.tlog
d:\visual studio 2015\project\mndtlibrary\mndtlibrary\x64\debug\mndtlibrary.tlog\tzres.dll.bi
