d:\services6\image\mndtlibrary\mndtlibrary\x64\debug\vc140.pdb
d:\services6\image\mndtlibrary\mndtlibrary\x64\debug\.netframework,version=v4.0.assemblyattributes.obj
d:\services6\image\mndtlibrary\mndtlibrary\x64\debug\.netframework,version=v4.0.assemblyattributes.asm
d:\services6\image\mndtlibrary\mndtlibrary\x64\debug\general.obj
d:\services6\image\mndtlibrary\mndtlibrary\x64\debug\draw.obj
d:\services6\image\mndtlibrary\mndtlibrary\x64\debug\weakclassifier.obj
d:\services6\image\mndtlibrary\mndtlibrary\x64\debug\strongclassfier.obj
d:\services6\image\mndtlibrary\mndtlibrary\x64\debug\segment.obj
d:\services6\image\mndtlibrary\mndtlibrary\x64\debug\rect.obj
d:\services6\image\mndtlibrary\mndtlibrary\x64\debug\point.obj
d:\services6\image\mndtlibrary\mndtlibrary\x64\debug\mndtlibrary.obj
d:\services6\image\mndtlibrary\mndtlibrary\x64\debug\library.obj
d:\services6\image\mndtlibrary\mndtlibrary\x64\debug\lbp.obj
d:\services6\image\mndtlibrary\mndtlibrary\x64\debug\image.obj
d:\services6\image\mndtlibrary\mndtlibrary\x64\debug\hough.obj
d:\services6\image\mndtlibrary\mndtlibrary\x64\debug\hog.obj
d:\services6\image\mndtlibrary\mndtlibrary\x64\debug\graphtree.obj
d:\services6\image\mndtlibrary\mndtlibrary\x64\debug\gaussianelimination.obj
d:\services6\image\mndtlibrary\mndtlibrary\x64\debug\adaboost.obj
d:\services6\image\mndtlibrary\x64\debug\mndtlibrary.dll
d:\services6\image\mndtlibrary\x64\debug\mndtlibrary.pdb
d:\services6\image\mndtlibrary\x64\debug\mndtlibrary.lib
d:\services6\image\mndtlibrary\x64\debug\mndtlibrary.exp
d:\services6\image\mndtlibrary\mndtlibrary\x64\debug\mndtlibrary.vcxprojresolveassemblyreference.cache
d:\services6\image\mndtlibrary\mndtlibrary\x64\debug\mndtlibrary.tlog\cl.command.1.tlog
d:\services6\image\mndtlibrary\mndtlibrary\x64\debug\mndtlibrary.tlog\cl.read.1.tlog
d:\services6\image\mndtlibrary\mndtlibrary\x64\debug\mndtlibrary.tlog\cl.write.1.tlog
d:\services6\image\mndtlibrary\mndtlibrary\x64\debug\mndtlibrary.tlog\link.command.1.tlog
d:\services6\image\mndtlibrary\mndtlibrary\x64\debug\mndtlibrary.tlog\link.read.1.tlog
d:\services6\image\mndtlibrary\mndtlibrary\x64\debug\mndtlibrary.tlog\link.write.1.tlog
d:\services6\image\mndtlibrary\mndtlibrary\x64\debug\mndtlibrary.tlog\metagen.read.1.tlog
d:\services6\image\mndtlibrary\mndtlibrary\x64\debug\mndtlibrary.tlog\metagen.write.1.tlog
d:\services6\image\mndtlibrary\mndtlibrary\x64\debug\mndtlibrary.tlog\mndtlibrary.write.1u.tlog
d:\services6\image\mndtlibrary\mndtlibrary\x64\debug\mndtlibrary.tlog\tzres.dll.bi
